<?xml version="1.0" encoding="UTF-8"?>
<!-- Generated by org.testng.reporters.JUnitXMLReporter -->
<testsuite hostname="Desktop" ignored="4" name="Default test" tests="1" failures="0" timestamp="2022-07-12T09:07:00 PDT" time="39.026" errors="0">
  <testcase name="TC14_verifyMergeAccountsFunctionality" time="23.186" classname="com.training.tekarch.test.AccountsTest"/>
  <testcase name="TC13_VerifyEditView" time="0.0" classname="com.training.tekarch.test.AccountsTest">
    <ignored/>
  </testcase> <!-- TC13_VerifyEditView -->
  <testcase name="TC11_verifyCreateNewAccount" time="0.0" classname="com.training.tekarch.test.AccountsTest">
    <ignored/>
  </testcase> <!-- TC11_verifyCreateNewAccount -->
  <testcase name="TC12_verifyCreateNewView" time="0.0" classname="com.training.tekarch.test.AccountsTest">
    <ignored/>
  </testcase> <!-- TC12_verifyCreateNewView -->
  <testcase name="TC15_verifyCreateAccountsReport" time="0.0" classname="com.training.tekarch.test.AccountsTest">
    <ignored/>
  </testcase> <!-- TC15_verifyCreateAccountsReport -->
</testsuite> <!-- Default test -->
