<?xml version="1.0" encoding="UTF-8"?>
<!-- Generated by org.testng.reporters.JUnitXMLReporter -->
<testsuite hostname="Desktop" ignored="3" name="group test" tests="2" failures="0" timestamp="2022-08-27T21:01:54 PDT" time="19.292" errors="0">
  <testcase name="TC01_verifyBlankpasswordLoginError" time="2.832" classname="com.training.tekarch.test.LoginTest"/>
  <testcase name="TC02_navigateToSalesForceHomePage" time="7.717" classname="com.training.tekarch.test.LoginTest"/>
  <testcase name="TC03_verifyRememberMe" time="0.0" classname="com.training.tekarch.test.LoginTest">
    <ignored/>
  </testcase> <!-- TC03_verifyRememberMe -->
  <testcase name="TC05_validateLoginErrorMessage" time="0.0" classname="com.training.tekarch.test.LoginTest">
    <ignored/>
  </testcase> <!-- TC05_validateLoginErrorMessage -->
  <testcase name="TC04_verifyForgotPassword" time="0.0" classname="com.training.tekarch.test.LoginTest">
    <ignored/>
  </testcase> <!-- TC04_verifyForgotPassword -->
</testsuite> <!-- group test -->
